WARNING:EDK:878 - Could not find IP doc
   http://www.xilinx.com/cgi-bin/docs/ipdoc?c=v_vid_in_axi4s;v=v2_01_a;d=pg043_v
   _vid_in_axi4s.pdf
WARNING:EDK:878 - Could not find IP doc
   http://www.xilinx.com/cgi-bin/docs/ipdoc?c=v_rgb2ycrcb;v=v6_01_a;d=pg013_v_rg
   b2ycrcb.pdf
WARNING:EDK:878 - Could not find IP doc
   http://www.xilinx.com/cgi-bin/docs/ipdoc?c=v_cfa;v=v6_01_a;d=pg002_v_cfa.pdf
WARNING:EDK:878 - Could not find IP doc
   http://www.xilinx.com/cgi-bin/docs/ipdoc?c=v_axi4s_vid_out;v=v2_01_a;d=pg044_
   v_axis_vid_out.pdf
WARNING:EDK:878 - Could not find IP doc
   http://www.xilinx.com/cgi-bin/docs/ipdoc?c=axi_iic;v=v1_02_a;d=axi_iic_ds756.
   pdf
WARNING:EDK:878 - Could not find IP doc
   http://www.xilinx.com/cgi-bin/docs/ipdoc?c=clock_generator;v=v4_03_a;d=clock_
   generator.pdf
WARNING:EDK:878 - Could not find IP doc
   http://www.xilinx.com/cgi-bin/docs/ipdoc?c=axi_vdma;v=v5_04_a;d=pg020_axi_vdm
   a.pdf
WARNING:EDK:878 - Could not find IP doc
   http://www.xilinx.com/cgi-bin/docs/ipdoc?c=axi_interconnect;v=v1_06_a;d=ds768
   _axi_interconnect.pdf
WARNING:EDK:878 - Could not find IP doc
   http://www.xilinx.com/cgi-bin/docs/ipdoc?c=axi_interconnect;v=v1_06_a;d=ds768
   _axi_interconnect.pdf
WARNING:EDK:878 - Could not find IP doc
   http://www.xilinx.com/cgi-bin/docs/ipdoc?c=axi_gpio;v=v1_01_b;d=ds744_axi_gpi
   o.pdf
WARNING:EDK:878 - Could not find IP doc
   http://www.xilinx.com/cgi-bin/docs/ipdoc?c=axi_iic;v=v1_02_a;d=axi_iic_ds756.
   pdf
WARNING:EDK:878 - Could not find IP doc
   http://www.xilinx.com/cgi-bin/docs/ipdoc?c=axi_gpio;v=v1_01_b;d=ds744_axi_gpi
   o.pdf
Generated Block Diagram.
Rasterizing v_vid_in_axi4s_0.jpg.....
Rasterizing v_tc_1.jpg.....
Rasterizing v_tc_0.jpg.....
Rasterizing v_rgb2ycrcb_0.jpg.....
Rasterizing v_cresample_0.jpg.....
Rasterizing v_cfa_0.jpg.....
Rasterizing v_axi4s_vid_out_0.jpg.....
Rasterizing processing_system7_0.jpg.....
Rasterizing fmc_imageon_vita_receiver_0.jpg.....
Rasterizing fmc_imageon_iic_0.jpg.....
Rasterizing fmc_imageon_hdmi_out_0.jpg.....
Rasterizing clock_generator_1.jpg.....
Rasterizing axi_vdma_0.jpg.....
Rasterizing axi_tpg_0.jpg.....
Rasterizing axi_interconnect_1.jpg.....
Rasterizing axi4lite_0.jpg.....
Rasterizing SWs_8Bits.jpg.....
Rasterizing IIC_FMC.jpg.....
Rasterizing BTNs_5Bits.jpg.....
Rasterizing system_blkd.jpg.....
Report generated.
Report generation completed.
