17:38:11 **** Build of project zynq_fsbl_bsp ****
make -k all 
libgen -hw ../system_hw_platform/system.xml\
	       -lp //my.files.iastate.edu/Users/kfisch13/Desktop/cpre488mp3/repository -lp //my.files.iastate.edu/Users/kfisch13/Desktop/cpre488mp3/repository/ProcessorIPLib\
	       -pe ps7_cortexa9_0 \
	       -log libgen.log \
	       system.mss
libgen
Xilinx EDK 14.7 Build EDK_P.20131013
Copyright (c) 1995-2012 Xilinx, Inc.  All rights reserved.

Command Line: libgen -hw ../system_hw_platform/system.xml -lp
//my.files.iastate.edu/Users/kfisch13/Desktop/cpre488mp3/repository -lp
//my.files.iastate.edu/Users/kfisch13/Desktop/cpre488mp3/repository/ProcessorIPL
ib -pe ps7_cortexa9_0 -log libgen.log system.mss 

ERROR:EDK:410 - gpio - U:\Desktop\cpre488mp3\sw\zynq_fsbl_bsp\system.mss line 27
   - No IP instance named leds_8bits is present in the hardware!
ERROR:EDK:1206 - Errors occured while parsing MSS file.
make: *** [ps7_cortexa9_0/lib/libxil.a] Error 2
make: Target `all' not remade because of errors.

17:38:12 Build Finished (took 860ms)

